0 info it worked if it ends with ok
1 verbose cli [ 'F:\\Program Files\\nodejs\\node.exe',
1 verbose cli   'F:\\Program Files\\nodejs\\node_modules\\npm\\bin\\npm-cli.js',
1 verbose cli   'start' ]
2 info using npm@3.3.6
3 info using node@v5.0.0
4 verbose run-script [ 'prestart', 'start', 'poststart' ]
5 info lifecycle sampleServer@0.1.0~prestart: sampleServer@0.1.0
6 silly lifecycle sampleServer@0.1.0~prestart: no script for prestart, continuing
7 info lifecycle sampleServer@0.1.0~start: sampleServer@0.1.0
8 verbose lifecycle sampleServer@0.1.0~start: unsafe-perm in lifecycle true
9 verbose lifecycle sampleServer@0.1.0~start: PATH: F:\Program Files\nodejs\node_modules\npm\bin\node-gyp-bin;D:\technomax\omm\sample_app\sampleServer\node_modules\.bin;C:\Users\Season\bin;F:\Program Files\Git\mingw32\bin;F:\Program Files\Git\usr\local\bin;F:\Program Files\Git\usr\bin;F:\Program Files\Git\usr\bin;F:\Program Files\Git\mingw32\bin;F:\Program Files\Git\usr\bin;C:\Program Files\Common Files\Microsoft Shared\Windows Live;C:\Program Files\NVIDIA Corporation\PhysX\Common;C:\windows\system32;C:\windows;C:\windows\System32\Wbem;C:\windows\System32\WindowsPowerShell\v1.0;C:\Program Files\Windows Live\Shared;C:\Program Files\Microsoft SQL Server\90\Tools\binn;C:\Program Files\Skype\Phone;F:\Program Files\nodejs;F:\Program Files\nodejs\node_cache;C:\Users\Season\AppData\Roaming\npm;F:\Program Files\Git\usr\bin\vendor_perl;F:\Program Files\Git\usr\bin\core_perl
10 verbose lifecycle sampleServer@0.1.0~start: CWD: D:\technomax\omm\sample_app\sampleServer
11 silly lifecycle sampleServer@0.1.0~start: Args: [ '/d /s /c', 'node ./bin/www' ]
12 silly lifecycle sampleServer@0.1.0~start: Returned: code: 1  signal: null
13 info lifecycle sampleServer@0.1.0~start: Failed to exec start script
14 verbose stack Error: sampleServer@0.1.0 start: `node ./bin/www`
14 verbose stack Exit status 1
14 verbose stack     at EventEmitter.<anonymous> (F:\Program Files\nodejs\node_modules\npm\lib\utils\lifecycle.js:233:16)
14 verbose stack     at emitTwo (events.js:87:13)
14 verbose stack     at EventEmitter.emit (events.js:172:7)
14 verbose stack     at ChildProcess.<anonymous> (F:\Program Files\nodejs\node_modules\npm\lib\utils\spawn.js:24:14)
14 verbose stack     at emitTwo (events.js:87:13)
14 verbose stack     at ChildProcess.emit (events.js:172:7)
14 verbose stack     at maybeClose (internal/child_process.js:818:16)
14 verbose stack     at Process.ChildProcess._handle.onexit (internal/child_process.js:211:5)
15 verbose pkgid sampleServer@0.1.0
16 verbose cwd D:\technomax\omm\sample_app\sampleServer
17 error Windows_NT 6.1.7601
18 error argv "F:\\Program Files\\nodejs\\node.exe" "F:\\Program Files\\nodejs\\node_modules\\npm\\bin\\npm-cli.js" "start"
19 error node v5.0.0
20 error npm  v3.3.6
21 error code ELIFECYCLE
22 error sampleServer@0.1.0 start: `node ./bin/www`
22 error Exit status 1
23 error Failed at the sampleServer@0.1.0 start script 'node ./bin/www'.
23 error This is most likely a problem with the sampleServer package,
23 error not with npm itself.
23 error Tell the author that this fails on your system:
23 error     node ./bin/www
23 error You can get their info via:
23 error     npm owner ls sampleServer
23 error There is likely additional logging output above.
24 verbose exit [ 1, true ]
